<?xml version="1.0" encoding="utf-8"?>
<coverage line-rate="0.6754000000000001" branch-rate="0.5576" version="1.9" timestamp="1602609402" lines-covered="308" lines-valid="456" branches-covered="29" branches-valid="52">
  <sources>
    <source>D:\bootcamp\alert-to-care-s22b10\AlertToCare\AlertToCare\</source>
  </sources>
  <packages>
    <package name="AlertToCare" line-rate="0.6754000000000001" branch-rate="0.5576" complexity="123">
      <classes>
        <class name="AlertToCare.Program" filename="Program.cs" line-rate="0" branch-rate="0" complexity="3">
          <methods>
            <method name="Main" signature="(System.String[])" line-rate="0" branch-rate="1">
              <lines>
                <line number="9" hits="0" branch="False" />
                <line number="10" hits="0" branch="False" />
                <line number="11" hits="0" branch="False" />
              </lines>
            </method>
            <method name="CreateHostBuilder" signature="(System.String[])" line-rate="0" branch-rate="0">
              <lines>
                <line number="14" hits="0" branch="True" condition-coverage="0% (0/2)">
                  <conditions>
                    <condition number="12" type="jump" coverage="0%" />
                  </conditions>
                </line>
                <line number="15" hits="0" branch="False" />
                <line number="16" hits="0" branch="False" />
                <line number="17" hits="0" branch="False" />
                <line number="18" hits="0" branch="False" />
              </lines>
            </method>
          </methods>
          <lines>
            <line number="9" hits="0" branch="False" />
            <line number="10" hits="0" branch="False" />
            <line number="11" hits="0" branch="False" />
            <line number="14" hits="0" branch="True" condition-coverage="0% (0/2)">
              <conditions>
                <condition number="12" type="jump" coverage="0%" />
              </conditions>
            </line>
            <line number="15" hits="0" branch="False" />
            <line number="16" hits="0" branch="False" />
            <line number="17" hits="0" branch="False" />
            <line number="18" hits="0" branch="False" />
          </lines>
        </class>
        <class name="AlertToCare.Startup" filename="Startup.cs" line-rate="0" branch-rate="0" complexity="7">
          <methods>
            <method name="get_Configuration" signature="()" line-rate="0" branch-rate="1">
              <lines>
                <line number="20" hits="0" branch="False" />
              </lines>
            </method>
            <method name="ConfigureServices" signature="(Microsoft.Extensions.DependencyInjection.IServiceCollection)" line-rate="0" branch-rate="1">
              <lines>
                <line number="26" hits="0" branch="False" />
                <line number="27" hits="0" branch="False" />
                <line number="28" hits="0" branch="False" />
                <line number="29" hits="0" branch="False" />
                <line number="31" hits="0" branch="False" />
                <line number="33" hits="0" branch="False" />
                <line number="34" hits="0" branch="False" />
                <line number="35" hits="0" branch="False" />
                <line number="36" hits="0" branch="False" />
                <line number="37" hits="0" branch="False" />
                <line number="38" hits="0" branch="False" />
                <line number="40" hits="0" branch="False" />
              </lines>
            </method>
            <method name="Configure" signature="(Microsoft.AspNetCore.Builder.IApplicationBuilder,Microsoft.AspNetCore.Hosting.IWebHostEnvironment)" line-rate="0" branch-rate="0">
              <lines>
                <line number="44" hits="0" branch="False" />
                <line number="45" hits="0" branch="True" condition-coverage="0% (0/2)">
                  <conditions>
                    <condition number="9" type="jump" coverage="0%" />
                  </conditions>
                </line>
                <line number="46" hits="0" branch="False" />
                <line number="47" hits="0" branch="False" />
                <line number="48" hits="0" branch="False" />
                <line number="50" hits="0" branch="False" />
                <line number="54" hits="0" branch="True" condition-coverage="0% (0/2)">
                  <conditions>
                    <condition number="34" type="jump" coverage="0%" />
                  </conditions>
                </line>
                <line number="55" hits="0" branch="False" />
                <line number="56" hits="0" branch="False" />
                <line number="57" hits="0" branch="False" />
                <line number="58" hits="0" branch="False" />
              </lines>
            </method>
            <method name=".ctor" signature="(Microsoft.Extensions.Configuration.IConfiguration)" line-rate="0" branch-rate="1">
              <lines>
                <line number="15" hits="0" branch="False" />
                <line number="16" hits="0" branch="False" />
                <line number="17" hits="0" branch="False" />
                <line number="18" hits="0" branch="False" />
              </lines>
            </method>
          </methods>
          <lines>
            <line number="20" hits="0" branch="False" />
            <line number="26" hits="0" branch="False" />
            <line number="27" hits="0" branch="False" />
            <line number="28" hits="0" branch="False" />
            <line number="29" hits="0" branch="False" />
            <line number="31" hits="0" branch="False" />
            <line number="33" hits="0" branch="False" />
            <line number="34" hits="0" branch="False" />
            <line number="35" hits="0" branch="False" />
            <line number="36" hits="0" branch="False" />
            <line number="37" hits="0" branch="False" />
            <line number="38" hits="0" branch="False" />
            <line number="40" hits="0" branch="False" />
            <line number="44" hits="0" branch="False" />
            <line number="45" hits="0" branch="True" condition-coverage="0% (0/2)">
              <conditions>
                <condition number="9" type="jump" coverage="0%" />
              </conditions>
            </line>
            <line number="46" hits="0" branch="False" />
            <line number="47" hits="0" branch="False" />
            <line number="48" hits="0" branch="False" />
            <line number="50" hits="0" branch="False" />
            <line number="54" hits="0" branch="True" condition-coverage="0% (0/2)">
              <conditions>
                <condition number="34" type="jump" coverage="0%" />
              </conditions>
            </line>
            <line number="55" hits="0" branch="False" />
            <line number="56" hits="0" branch="False" />
            <line number="57" hits="0" branch="False" />
            <line number="58" hits="0" branch="False" />
            <line number="15" hits="0" branch="False" />
            <line number="16" hits="0" branch="False" />
            <line number="17" hits="0" branch="False" />
            <line number="18" hits="0" branch="False" />
          </lines>
        </class>
        <class name="AlertToCare.Validator.DeviceValidator" filename="Validator\DeviceValidator.cs" line-rate="1" branch-rate="0.75" complexity="4">
          <methods>
            <method name="ValidateDevice" signature="(AlertToCare.Models.MedicalDevice)" line-rate="1" branch-rate="0.75">
              <lines>
                <line number="13" hits="3" branch="False" />
                <line number="14" hits="3" branch="True" condition-coverage="75% (3/4)">
                  <conditions>
                    <condition number="12" type="jump" coverage="50%" />
                    <condition number="33" type="jump" coverage="100%" />
                  </conditions>
                </line>
                <line number="15" hits="2" branch="False" />
                <line number="16" hits="2" branch="False" />
                <line number="18" hits="1" branch="False" />
                <line number="19" hits="3" branch="False" />
              </lines>
            </method>
          </methods>
          <lines>
            <line number="13" hits="3" branch="False" />
            <line number="14" hits="3" branch="True" condition-coverage="75% (3/4)">
              <conditions>
                <condition number="12" type="jump" coverage="50%" />
                <condition number="33" type="jump" coverage="100%" />
              </conditions>
            </line>
            <line number="15" hits="2" branch="False" />
            <line number="16" hits="2" branch="False" />
            <line number="18" hits="1" branch="False" />
            <line number="19" hits="3" branch="False" />
          </lines>
        </class>
        <class name="AlertToCare.Validator.PatientValidator" filename="Validator\PatientValidator.cs" line-rate="1" branch-rate="1" complexity="2">
          <methods>
            <method name="ValidatePatient" signature="(AlertToCare.Models.PatientDataModel)" line-rate="1" branch-rate="1">
              <lines>
                <line number="9" hits="3" branch="False" />
                <line number="10" hits="3" branch="True" condition-coverage="100% (2/2)">
                  <conditions>
                    <condition number="58" type="jump" coverage="100%" />
                  </conditions>
                </line>
                <line number="11" hits="3" branch="False" />
                <line number="12" hits="2" branch="False" />
                <line number="13" hits="2" branch="False" />
                <line number="15" hits="1" branch="False" />
                <line number="16" hits="3" branch="False" />
              </lines>
            </method>
          </methods>
          <lines>
            <line number="9" hits="3" branch="False" />
            <line number="10" hits="3" branch="True" condition-coverage="100% (2/2)">
              <conditions>
                <condition number="58" type="jump" coverage="100%" />
              </conditions>
            </line>
            <line number="11" hits="3" branch="False" />
            <line number="12" hits="2" branch="False" />
            <line number="13" hits="2" branch="False" />
            <line number="15" hits="1" branch="False" />
            <line number="16" hits="3" branch="False" />
          </lines>
        </class>
        <class name="AlertToCare.Utility.Utils" filename="Utility\Utils.cs" line-rate="0.3529" branch-rate="0" complexity="6">
          <methods>
            <method name="NpgsqlDataReaderToStringArrayConvertor" signature="(Npgsql.NpgsqlDataReader)" line-rate="0" branch-rate="0">
              <lines>
                <line number="9" hits="0" branch="False" />
                <line number="10" hits="0" branch="True" condition-coverage="0% (0/2)">
                  <conditions>
                    <condition number="68" type="jump" coverage="0%" />
                  </conditions>
                </line>
                <line number="11" hits="0" branch="False" />
                <line number="12" hits="0" branch="False" />
                <line number="13" hits="0" branch="True" condition-coverage="0% (0/2)">
                  <conditions>
                    <condition number="52" type="jump" coverage="0%" />
                  </conditions>
                </line>
                <line number="14" hits="0" branch="False" />
                <line number="15" hits="0" branch="False" />
                <line number="16" hits="0" branch="False" />
                <line number="18" hits="0" branch="False" />
                <line number="21" hits="0" branch="False" />
                <line number="22" hits="0" branch="False" />
              </lines>
            </method>
            <method name="IsValueNull" signature="(System.Object)" line-rate="1" branch-rate="1">
              <lines>
                <line number="24" hits="12" branch="False" />
                <line number="25" hits="12" branch="False" />
                <line number="26" hits="12" branch="False" />
              </lines>
            </method>
            <method name="IsLengthValid" signature="(System.String,System.Int32)" line-rate="1" branch-rate="1">
              <lines>
                <line number="28" hits="3" branch="False" />
                <line number="29" hits="3" branch="False" />
                <line number="30" hits="3" branch="False" />
              </lines>
            </method>
          </methods>
          <lines>
            <line number="9" hits="0" branch="False" />
            <line number="10" hits="0" branch="True" condition-coverage="0% (0/2)">
              <conditions>
                <condition number="68" type="jump" coverage="0%" />
              </conditions>
            </line>
            <line number="11" hits="0" branch="False" />
            <line number="12" hits="0" branch="False" />
            <line number="13" hits="0" branch="True" condition-coverage="0% (0/2)">
              <conditions>
                <condition number="52" type="jump" coverage="0%" />
              </conditions>
            </line>
            <line number="14" hits="0" branch="False" />
            <line number="15" hits="0" branch="False" />
            <line number="16" hits="0" branch="False" />
            <line number="18" hits="0" branch="False" />
            <line number="21" hits="0" branch="False" />
            <line number="22" hits="0" branch="False" />
            <line number="24" hits="12" branch="False" />
            <line number="25" hits="12" branch="False" />
            <line number="26" hits="12" branch="False" />
            <line number="28" hits="3" branch="False" />
            <line number="29" hits="3" branch="False" />
            <line number="30" hits="3" branch="False" />
          </lines>
        </class>
        <class name="AlertToCare.Repository.IcuLayoutDataRepository" filename="Repository\IcuLayoutDataRepository.cs" line-rate="1" branch-rate="1" complexity="3">
          <methods>
            <method name="InsertBed" signature="(AlertToCare.Models.BedInformation)" line-rate="1" branch-rate="1">
              <lines>
                <line number="14" hits="1" branch="False" />
                <line number="15" hits="1" branch="False" />
                <line number="16" hits="1" branch="False" />
                <line number="17" hits="1" branch="False" />
              </lines>
            </method>
            <method name="InsertLayout" signature="(AlertToCare.Models.IcuWardInformation)" line-rate="1" branch-rate="1">
              <lines>
                <line number="20" hits="1" branch="False" />
                <line number="21" hits="1" branch="False" />
                <line number="22" hits="1" branch="False" />
                <line number="23" hits="1" branch="False" />
              </lines>
            </method>
            <method name=".ctor" signature="(AlertToCare.Context.DbContext)" line-rate="1" branch-rate="1">
              <lines>
                <line number="9" hits="2" branch="False" />
                <line number="10" hits="2" branch="False" />
                <line number="11" hits="2" branch="False" />
                <line number="12" hits="2" branch="False" />
              </lines>
            </method>
          </methods>
          <lines>
            <line number="14" hits="1" branch="False" />
            <line number="15" hits="1" branch="False" />
            <line number="16" hits="1" branch="False" />
            <line number="17" hits="1" branch="False" />
            <line number="20" hits="1" branch="False" />
            <line number="21" hits="1" branch="False" />
            <line number="22" hits="1" branch="False" />
            <line number="23" hits="1" branch="False" />
            <line number="9" hits="2" branch="False" />
            <line number="10" hits="2" branch="False" />
            <line number="11" hits="2" branch="False" />
            <line number="12" hits="2" branch="False" />
          </lines>
        </class>
        <class name="AlertToCare.Repository.MedicalDeviceDataRepository" filename="Repository\MedicalDeviceDataRepository.cs" line-rate="1" branch-rate="1" complexity="4">
          <methods>
            <method name="FetchMedicalDevice" signature="(System.String)" line-rate="1" branch-rate="1">
              <lines>
                <line number="17" hits="1" branch="False" />
                <line number="18" hits="1" branch="False" />
                <line number="19" hits="1" branch="False" />
                <line number="20" hits="1" branch="False" />
              </lines>
            </method>
            <method name="InsertMedicalDevice" signature="(AlertToCare.Models.MedicalDevice)" line-rate="1" branch-rate="1">
              <lines>
                <line number="23" hits="1" branch="False" />
                <line number="24" hits="1" branch="False" />
                <line number="25" hits="1" branch="False" />
                <line number="26" hits="1" branch="False" />
              </lines>
            </method>
            <method name="TurnOnAlert" signature="(AlertToCare.Models.BedOnAlert)" line-rate="1" branch-rate="1">
              <lines>
                <line number="29" hits="1" branch="False" />
                <line number="30" hits="1" branch="False" />
                <line number="31" hits="1" branch="False" />
                <line number="32" hits="1" branch="False" />
              </lines>
            </method>
            <method name=".ctor" signature="(AlertToCare.Context.DbContext)" line-rate="1" branch-rate="1">
              <lines>
                <line number="11" hits="3" branch="False" />
                <line number="12" hits="3" branch="False" />
                <line number="13" hits="3" branch="False" />
                <line number="14" hits="3" branch="False" />
              </lines>
            </method>
          </methods>
          <lines>
            <line number="17" hits="1" branch="False" />
            <line number="18" hits="1" branch="False" />
            <line number="19" hits="1" branch="False" />
            <line number="20" hits="1" branch="False" />
            <line number="23" hits="1" branch="False" />
            <line number="24" hits="1" branch="False" />
            <line number="25" hits="1" branch="False" />
            <line number="26" hits="1" branch="False" />
            <line number="29" hits="1" branch="False" />
            <line number="30" hits="1" branch="False" />
            <line number="31" hits="1" branch="False" />
            <line number="32" hits="1" branch="False" />
            <line number="11" hits="3" branch="False" />
            <line number="12" hits="3" branch="False" />
            <line number="13" hits="3" branch="False" />
            <line number="14" hits="3" branch="False" />
          </lines>
        </class>
        <class name="AlertToCare.Repository.PatientDataRepository" filename="Repository\PatientDataRepository.cs" line-rate="1" branch-rate="1" complexity="6">
          <methods>
            <method name="AddPatient" signature="(AlertToCare.Models.PatientDataModel)" line-rate="1" branch-rate="1">
              <lines>
                <line number="17" hits="1" branch="False" />
                <line number="18" hits="1" branch="False" />
                <line number="19" hits="1" branch="False" />
                <line number="20" hits="1" branch="False" />
              </lines>
            </method>
            <method name="FetchPatientInfoFromBedId" signature="(System.String)" line-rate="1" branch-rate="1">
              <lines>
                <line number="23" hits="2" branch="False" />
                <line number="24" hits="2" branch="False" />
                <line number="25" hits="2" branch="False" />
                <line number="26" hits="2" branch="False" />
                <line number="27" hits="2" branch="False" />
                <line number="28" hits="2" branch="False" />
                <line number="29" hits="2" branch="False" />
                <line number="30" hits="2" branch="False" />
                <line number="31" hits="2" branch="False" />
                <line number="32" hits="2" branch="False" />
              </lines>
            </method>
            <method name="RemovePatientFromBed" signature="(System.Int32)" line-rate="1" branch-rate="1">
              <lines>
                <line number="35" hits="1" branch="False" />
                <line number="36" hits="1" branch="False" />
                <line number="37" hits="1" branch="False" />
                <line number="38" hits="1" branch="False" />
                <line number="39" hits="1" branch="False" />
                <line number="40" hits="1" branch="False" />
              </lines>
            </method>
            <method name="AllotBedToPatient" signature="(AlertToCare.Models.BedAllotmentModel)" line-rate="1" branch-rate="1">
              <lines>
                <line number="43" hits="1" branch="False" />
                <line number="44" hits="1" branch="False" />
                <line number="45" hits="1" branch="False" />
                <line number="46" hits="1" branch="False" />
                <line number="47" hits="1" branch="False" />
                <line number="48" hits="1" branch="False" />
                <line number="49" hits="1" branch="False" />
                <line number="50" hits="2" branch="True" condition-coverage="100% (2/2)">
                  <conditions>
                    <condition number="617" type="jump" coverage="100%" />
                  </conditions>
                </line>
                <line number="51" hits="1" branch="False" />
                <line number="53" hits="1" branch="False" />
              </lines>
            </method>
            <method name=".ctor" signature="(AlertToCare.Context.DbContext)" line-rate="1" branch-rate="1">
              <lines>
                <line number="11" hits="5" branch="False" />
                <line number="12" hits="5" branch="False" />
                <line number="13" hits="5" branch="False" />
                <line number="14" hits="5" branch="False" />
              </lines>
            </method>
          </methods>
          <lines>
            <line number="17" hits="1" branch="False" />
            <line number="18" hits="1" branch="False" />
            <line number="19" hits="1" branch="False" />
            <line number="20" hits="1" branch="False" />
            <line number="23" hits="2" branch="False" />
            <line number="24" hits="2" branch="False" />
            <line number="25" hits="2" branch="False" />
            <line number="26" hits="2" branch="False" />
            <line number="27" hits="2" branch="False" />
            <line number="28" hits="2" branch="False" />
            <line number="29" hits="2" branch="False" />
            <line number="30" hits="2" branch="False" />
            <line number="31" hits="2" branch="False" />
            <line number="32" hits="2" branch="False" />
            <line number="35" hits="1" branch="False" />
            <line number="36" hits="1" branch="False" />
            <line number="37" hits="1" branch="False" />
            <line number="38" hits="1" branch="False" />
            <line number="39" hits="1" branch="False" />
            <line number="40" hits="1" branch="False" />
            <line number="43" hits="1" branch="False" />
            <line number="44" hits="1" branch="False" />
            <line number="45" hits="1" branch="False" />
            <line number="46" hits="1" branch="False" />
            <line number="47" hits="1" branch="False" />
            <line number="48" hits="1" branch="False" />
            <line number="49" hits="1" branch="False" />
            <line number="50" hits="2" branch="True" condition-coverage="100% (2/2)">
              <conditions>
                <condition number="617" type="jump" coverage="100%" />
              </conditions>
            </line>
            <line number="51" hits="1" branch="False" />
            <line number="53" hits="1" branch="False" />
            <line number="11" hits="5" branch="False" />
            <line number="12" hits="5" branch="False" />
            <line number="13" hits="5" branch="False" />
            <line number="14" hits="5" branch="False" />
          </lines>
        </class>
        <class name="AlertToCare.Context.DbContext" filename="Repository\DbContext.cs" line-rate="1" branch-rate="1" complexity="8">
          <methods>
            <method name="get_PatientInfo" signature="()" line-rate="1" branch-rate="1">
              <lines>
                <line number="12" hits="14" branch="False" />
              </lines>
            </method>
            <method name="get_BedInformation" signature="()" line-rate="1" branch-rate="1">
              <lines>
                <line number="13" hits="18" branch="False" />
              </lines>
            </method>
            <method name="get_MedicalDevice" signature="()" line-rate="1" branch-rate="1">
              <lines>
                <line number="14" hits="13" branch="False" />
              </lines>
            </method>
            <method name="get_BedOnAlert" signature="()" line-rate="1" branch-rate="1">
              <lines>
                <line number="15" hits="12" branch="False" />
              </lines>
            </method>
            <method name="get_IcuWardInformation" signature="()" line-rate="1" branch-rate="1">
              <lines>
                <line number="16" hits="13" branch="False" />
              </lines>
            </method>
            <method name="OnModelCreating" signature="(Microsoft.EntityFrameworkCore.ModelBuilder)" line-rate="1" branch-rate="1">
              <lines>
                <line number="18" hits="1" branch="False" />
                <line number="19" hits="1" branch="False" />
                <line number="20" hits="1" branch="False" />
              </lines>
            </method>
            <method name="SaveChanges" signature="()" line-rate="1" branch-rate="1">
              <lines>
                <line number="23" hits="17" branch="False" />
                <line number="24" hits="17" branch="False" />
                <line number="25" hits="17" branch="False" />
                <line number="26" hits="17" branch="False" />
              </lines>
            </method>
            <method name=".ctor" signature="(Microsoft.EntityFrameworkCore.DbContextOptions`1&lt;AlertToCare.Context.DbContext&gt;)" line-rate="1" branch-rate="1">
              <lines>
                <line number="8" hits="10" branch="False" />
                <line number="9" hits="10" branch="False" />
                <line number="11" hits="10" branch="False" />
              </lines>
            </method>
          </methods>
          <lines>
            <line number="12" hits="14" branch="False" />
            <line number="13" hits="18" branch="False" />
            <line number="14" hits="13" branch="False" />
            <line number="15" hits="12" branch="False" />
            <line number="16" hits="13" branch="False" />
            <line number="18" hits="1" branch="False" />
            <line number="19" hits="1" branch="False" />
            <line number="20" hits="1" branch="False" />
            <line number="23" hits="17" branch="False" />
            <line number="24" hits="17" branch="False" />
            <line number="25" hits="17" branch="False" />
            <line number="26" hits="17" branch="False" />
            <line number="8" hits="10" branch="False" />
            <line number="9" hits="10" branch="False" />
            <line number="11" hits="10" branch="False" />
          </lines>
        </class>
        <class name="AlertToCare.Models.BedAllotmentModel" filename="Models\BedAllotmentModel.cs" line-rate="1" branch-rate="1" complexity="2">
          <methods>
            <method name="get_PatientId" signature="()" line-rate="1" branch-rate="1">
              <lines>
                <line number="5" hits="6" branch="False" />
              </lines>
            </method>
            <method name="get_Department" signature="()" line-rate="1" branch-rate="1">
              <lines>
                <line number="6" hits="4" branch="False" />
              </lines>
            </method>
          </methods>
          <lines>
            <line number="5" hits="6" branch="False" />
            <line number="6" hits="4" branch="False" />
          </lines>
        </class>
        <class name="AlertToCare.Models.BedInformation" filename="Models\BedInformation.cs" line-rate="0.2" branch-rate="1" complexity="5">
          <methods>
            <method name="get_BedId" signature="()" line-rate="0" branch-rate="1">
              <lines>
                <line number="13" hits="0" branch="False" />
              </lines>
            </method>
            <method name="get_WardNumber" signature="()" line-rate="0" branch-rate="1">
              <lines>
                <line number="14" hits="0" branch="False" />
              </lines>
            </method>
            <method name="get_PatientId" signature="()" line-rate="1" branch-rate="1">
              <lines>
                <line number="15" hits="25" branch="False" />
              </lines>
            </method>
            <method name="get_BedInRow" signature="()" line-rate="0" branch-rate="1">
              <lines>
                <line number="17" hits="0" branch="False" />
              </lines>
            </method>
            <method name="get_BedInColumn" signature="()" line-rate="0" branch-rate="1">
              <lines>
                <line number="18" hits="0" branch="False" />
              </lines>
            </method>
          </methods>
          <lines>
            <line number="13" hits="0" branch="False" />
            <line number="14" hits="0" branch="False" />
            <line number="15" hits="25" branch="False" />
            <line number="17" hits="0" branch="False" />
            <line number="18" hits="0" branch="False" />
          </lines>
        </class>
        <class name="AlertToCare.Models.BedOnAlert" filename="Models\BedOnAlert.cs" line-rate="0" branch-rate="1" complexity="3">
          <methods>
            <method name="get_BedId" signature="()" line-rate="0" branch-rate="1">
              <lines>
                <line number="9" hits="0" branch="False" />
              </lines>
            </method>
            <method name="get_DeviceName" signature="()" line-rate="0" branch-rate="1">
              <lines>
                <line number="11" hits="0" branch="False" />
              </lines>
            </method>
            <method name="get_Value" signature="()" line-rate="0" branch-rate="1">
              <lines>
                <line number="12" hits="0" branch="False" />
              </lines>
            </method>
          </methods>
          <lines>
            <line number="9" hits="0" branch="False" />
            <line number="11" hits="0" branch="False" />
            <line number="12" hits="0" branch="False" />
          </lines>
        </class>
        <class name="AlertToCare.Models.IcuWardInformation" filename="Models\ICUWardInformation.cs" line-rate="0" branch-rate="1" complexity="3">
          <methods>
            <method name="get_WardNumber" signature="()" line-rate="0" branch-rate="1">
              <lines>
                <line number="8" hits="0" branch="False" />
              </lines>
            </method>
            <method name="get_TotalBed" signature="()" line-rate="0" branch-rate="1">
              <lines>
                <line number="9" hits="0" branch="False" />
              </lines>
            </method>
            <method name="get_Department" signature="()" line-rate="0" branch-rate="1">
              <lines>
                <line number="10" hits="0" branch="False" />
              </lines>
            </method>
          </methods>
          <lines>
            <line number="8" hits="0" branch="False" />
            <line number="9" hits="0" branch="False" />
            <line number="10" hits="0" branch="False" />
          </lines>
        </class>
        <class name="AlertToCare.Models.IcuWardLayoutModel" filename="Models\IcuWardLayoutModel.cs" line-rate="1" branch-rate="1" complexity="5">
          <methods>
            <method name="get_WardNumber" signature="()" line-rate="1" branch-rate="1">
              <lines>
                <line number="5" hits="28" branch="False" />
              </lines>
            </method>
            <method name="get_NumberOfBed" signature="()" line-rate="1" branch-rate="1">
              <lines>
                <line number="6" hits="17" branch="False" />
              </lines>
            </method>
            <method name="get_NumberOfRow" signature="()" line-rate="1" branch-rate="1">
              <lines>
                <line number="8" hits="10" branch="False" />
              </lines>
            </method>
            <method name="get_NumberOfColumn" signature="()" line-rate="1" branch-rate="1">
              <lines>
                <line number="9" hits="19" branch="False" />
              </lines>
            </method>
            <method name="get_Department" signature="()" line-rate="1" branch-rate="1">
              <lines>
                <line number="11" hits="8" branch="False" />
              </lines>
            </method>
          </methods>
          <lines>
            <line number="5" hits="28" branch="False" />
            <line number="6" hits="17" branch="False" />
            <line number="8" hits="10" branch="False" />
            <line number="9" hits="19" branch="False" />
            <line number="11" hits="8" branch="False" />
          </lines>
        </class>
        <class name="AlertToCare.Models.MedicalDevice" filename="Models\MedicalDevice.cs" line-rate="1" branch-rate="1" complexity="3">
          <methods>
            <method name="get_DeviceName" signature="()" line-rate="1" branch-rate="1">
              <lines>
                <line number="8" hits="22" branch="False" />
              </lines>
            </method>
            <method name="get_MinValue" signature="()" line-rate="1" branch-rate="1">
              <lines>
                <line number="9" hits="22" branch="False" />
              </lines>
            </method>
            <method name="get_MaxValue" signature="()" line-rate="1" branch-rate="1">
              <lines>
                <line number="10" hits="22" branch="False" />
              </lines>
            </method>
          </methods>
          <lines>
            <line number="8" hits="22" branch="False" />
            <line number="9" hits="22" branch="False" />
            <line number="10" hits="22" branch="False" />
          </lines>
        </class>
        <class name="AlertToCare.Models.MedicalStatusDataModel" filename="Models\MedicalStatusDataModel.cs" line-rate="1" branch-rate="1" complexity="2">
          <methods>
            <method name="get_BedId" signature="()" line-rate="1" branch-rate="1">
              <lines>
                <line number="7" hits="21" branch="False" />
              </lines>
            </method>
            <method name="get_MedicalDevice" signature="()" line-rate="1" branch-rate="1">
              <lines>
                <line number="8" hits="10" branch="False" />
              </lines>
            </method>
          </methods>
          <lines>
            <line number="7" hits="21" branch="False" />
            <line number="8" hits="10" branch="False" />
          </lines>
        </class>
        <class name="AlertToCare.Models.PatientDataModel" filename="Models\PatientDataModel.cs" line-rate="1" branch-rate="1" complexity="5">
          <methods>
            <method name="get_PatientId" signature="()" line-rate="1" branch-rate="1">
              <lines>
                <line number="8" hits="9" branch="False" />
              </lines>
            </method>
            <method name="get_PatientName" signature="()" line-rate="1" branch-rate="1">
              <lines>
                <line number="9" hits="24" branch="False" />
              </lines>
            </method>
            <method name="get_Email" signature="()" line-rate="1" branch-rate="1">
              <lines>
                <line number="10" hits="24" branch="False" />
              </lines>
            </method>
            <method name="get_Mobile" signature="()" line-rate="1" branch-rate="1">
              <lines>
                <line number="11" hits="27" branch="False" />
              </lines>
            </method>
            <method name="get_Address" signature="()" line-rate="1" branch-rate="1">
              <lines>
                <line number="12" hits="21" branch="False" />
              </lines>
            </method>
          </methods>
          <lines>
            <line number="8" hits="9" branch="False" />
            <line number="9" hits="24" branch="False" />
            <line number="10" hits="24" branch="False" />
            <line number="11" hits="27" branch="False" />
            <line number="12" hits="21" branch="False" />
          </lines>
        </class>
        <class name="AlertToCare.Migrations.initial" filename="Migrations\20201011092448_initial.cs" line-rate="0" branch-rate="0" complexity="5">
          <methods>
            <method name="Up" signature="(Microsoft.EntityFrameworkCore.Migrations.MigrationBuilder)" line-rate="0" branch-rate="0">
              <lines>
                <line number="9" hits="0" branch="False" />
                <line number="10" hits="0" branch="True" condition-coverage="0% (0/4)">
                  <conditions>
                    <condition number="13" type="jump" coverage="0%" />
                    <condition number="45" type="jump" coverage="0%" />
                  </conditions>
                </line>
                <line number="11" hits="0" branch="False" />
                <line number="12" hits="0" branch="False" />
                <line number="13" hits="0" branch="False" />
                <line number="14" hits="0" branch="False" />
                <line number="15" hits="0" branch="False" />
                <line number="16" hits="0" branch="False" />
                <line number="17" hits="0" branch="False" />
                <line number="18" hits="0" branch="False" />
                <line number="19" hits="0" branch="False" />
                <line number="20" hits="0" branch="False" />
                <line number="21" hits="0" branch="False" />
                <line number="22" hits="0" branch="False" />
                <line number="23" hits="0" branch="False" />
                <line number="24" hits="0" branch="False" />
                <line number="25" hits="0" branch="False" />
              </lines>
            </method>
            <method name="Down" signature="(Microsoft.EntityFrameworkCore.Migrations.MigrationBuilder)" line-rate="0" branch-rate="1">
              <lines>
                <line number="28" hits="0" branch="False" />
                <line number="29" hits="0" branch="False" />
                <line number="30" hits="0" branch="False" />
                <line number="31" hits="0" branch="False" />
              </lines>
            </method>
          </methods>
          <lines>
            <line number="9" hits="0" branch="False" />
            <line number="10" hits="0" branch="True" condition-coverage="0% (0/4)">
              <conditions>
                <condition number="13" type="jump" coverage="0%" />
                <condition number="45" type="jump" coverage="0%" />
              </conditions>
            </line>
            <line number="11" hits="0" branch="False" />
            <line number="12" hits="0" branch="False" />
            <line number="13" hits="0" branch="False" />
            <line number="14" hits="0" branch="False" />
            <line number="15" hits="0" branch="False" />
            <line number="16" hits="0" branch="False" />
            <line number="17" hits="0" branch="False" />
            <line number="18" hits="0" branch="False" />
            <line number="19" hits="0" branch="False" />
            <line number="20" hits="0" branch="False" />
            <line number="21" hits="0" branch="False" />
            <line number="22" hits="0" branch="False" />
            <line number="23" hits="0" branch="False" />
            <line number="24" hits="0" branch="False" />
            <line number="25" hits="0" branch="False" />
            <line number="28" hits="0" branch="False" />
            <line number="29" hits="0" branch="False" />
            <line number="30" hits="0" branch="False" />
            <line number="31" hits="0" branch="False" />
          </lines>
        </class>
        <class name="AlertToCare.Migrations.initial" filename="Migrations\20201011092448_initial.Designer.cs" line-rate="0" branch-rate="0" complexity="2">
          <methods>
            <method name="BuildTargetModel" signature="(Microsoft.EntityFrameworkCore.ModelBuilder)" line-rate="0" branch-rate="0">
              <lines>
                <line number="16" hits="0" branch="False" />
                <line number="18" hits="0" branch="False" />
                <line number="19" hits="0" branch="False" />
                <line number="20" hits="0" branch="False" />
                <line number="21" hits="0" branch="False" />
                <line number="23" hits="0" branch="True" condition-coverage="0% (0/2)">
                  <conditions>
                    <condition number="63" type="jump" coverage="0%" />
                  </conditions>
                </line>
                <line number="24" hits="0" branch="False" />
                <line number="25" hits="0" branch="False" />
                <line number="26" hits="0" branch="False" />
                <line number="27" hits="0" branch="False" />
                <line number="28" hits="0" branch="False" />
                <line number="29" hits="0" branch="False" />
                <line number="30" hits="0" branch="False" />
                <line number="31" hits="0" branch="False" />
                <line number="32" hits="0" branch="False" />
                <line number="33" hits="0" branch="False" />
                <line number="34" hits="0" branch="False" />
                <line number="35" hits="0" branch="False" />
                <line number="36" hits="0" branch="False" />
                <line number="37" hits="0" branch="False" />
                <line number="38" hits="0" branch="False" />
                <line number="39" hits="0" branch="False" />
                <line number="40" hits="0" branch="False" />
                <line number="41" hits="0" branch="False" />
                <line number="42" hits="0" branch="False" />
                <line number="43" hits="0" branch="False" />
                <line number="44" hits="0" branch="False" />
                <line number="45" hits="0" branch="False" />
                <line number="47" hits="0" branch="False" />
              </lines>
            </method>
          </methods>
          <lines>
            <line number="16" hits="0" branch="False" />
            <line number="18" hits="0" branch="False" />
            <line number="19" hits="0" branch="False" />
            <line number="20" hits="0" branch="False" />
            <line number="21" hits="0" branch="False" />
            <line number="23" hits="0" branch="True" condition-coverage="0% (0/2)">
              <conditions>
                <condition number="63" type="jump" coverage="0%" />
              </conditions>
            </line>
            <line number="24" hits="0" branch="False" />
            <line number="25" hits="0" branch="False" />
            <line number="26" hits="0" branch="False" />
            <line number="27" hits="0" branch="False" />
            <line number="28" hits="0" branch="False" />
            <line number="29" hits="0" branch="False" />
            <line number="30" hits="0" branch="False" />
            <line number="31" hits="0" branch="False" />
            <line number="32" hits="0" branch="False" />
            <line number="33" hits="0" branch="False" />
            <line number="34" hits="0" branch="False" />
            <line number="35" hits="0" branch="False" />
            <line number="36" hits="0" branch="False" />
            <line number="37" hits="0" branch="False" />
            <line number="38" hits="0" branch="False" />
            <line number="39" hits="0" branch="False" />
            <line number="40" hits="0" branch="False" />
            <line number="41" hits="0" branch="False" />
            <line number="42" hits="0" branch="False" />
            <line number="43" hits="0" branch="False" />
            <line number="44" hits="0" branch="False" />
            <line number="45" hits="0" branch="False" />
            <line number="47" hits="0" branch="False" />
          </lines>
        </class>
        <class name="AlertToCare.Migrations.PatientContextModelSnapshot" filename="Migrations\PatientContextModelSnapshot.cs" line-rate="0" branch-rate="0" complexity="2">
          <methods>
            <method name="BuildModel" signature="(Microsoft.EntityFrameworkCore.ModelBuilder)" line-rate="0" branch-rate="0">
              <lines>
                <line number="14" hits="0" branch="False" />
                <line number="16" hits="0" branch="False" />
                <line number="17" hits="0" branch="False" />
                <line number="18" hits="0" branch="False" />
                <line number="19" hits="0" branch="False" />
                <line number="21" hits="0" branch="True" condition-coverage="0% (0/2)">
                  <conditions>
                    <condition number="63" type="jump" coverage="0%" />
                  </conditions>
                </line>
                <line number="22" hits="0" branch="False" />
                <line number="23" hits="0" branch="False" />
                <line number="24" hits="0" branch="False" />
                <line number="25" hits="0" branch="False" />
                <line number="26" hits="0" branch="False" />
                <line number="27" hits="0" branch="False" />
                <line number="28" hits="0" branch="False" />
                <line number="29" hits="0" branch="False" />
                <line number="30" hits="0" branch="False" />
                <line number="31" hits="0" branch="False" />
                <line number="32" hits="0" branch="False" />
                <line number="33" hits="0" branch="False" />
                <line number="34" hits="0" branch="False" />
                <line number="35" hits="0" branch="False" />
                <line number="36" hits="0" branch="False" />
                <line number="37" hits="0" branch="False" />
                <line number="38" hits="0" branch="False" />
                <line number="39" hits="0" branch="False" />
                <line number="40" hits="0" branch="False" />
                <line number="41" hits="0" branch="False" />
                <line number="42" hits="0" branch="False" />
                <line number="43" hits="0" branch="False" />
                <line number="45" hits="0" branch="False" />
              </lines>
            </method>
          </methods>
          <lines>
            <line number="14" hits="0" branch="False" />
            <line number="16" hits="0" branch="False" />
            <line number="17" hits="0" branch="False" />
            <line number="18" hits="0" branch="False" />
            <line number="19" hits="0" branch="False" />
            <line number="21" hits="0" branch="True" condition-coverage="0% (0/2)">
              <conditions>
                <condition number="63" type="jump" coverage="0%" />
              </conditions>
            </line>
            <line number="22" hits="0" branch="False" />
            <line number="23" hits="0" branch="False" />
            <line number="24" hits="0" branch="False" />
            <line number="25" hits="0" branch="False" />
            <line number="26" hits="0" branch="False" />
            <line number="27" hits="0" branch="False" />
            <line number="28" hits="0" branch="False" />
            <line number="29" hits="0" branch="False" />
            <line number="30" hits="0" branch="False" />
            <line number="31" hits="0" branch="False" />
            <line number="32" hits="0" branch="False" />
            <line number="33" hits="0" branch="False" />
            <line number="34" hits="0" branch="False" />
            <line number="35" hits="0" branch="False" />
            <line number="36" hits="0" branch="False" />
            <line number="37" hits="0" branch="False" />
            <line number="38" hits="0" branch="False" />
            <line number="39" hits="0" branch="False" />
            <line number="40" hits="0" branch="False" />
            <line number="41" hits="0" branch="False" />
            <line number="42" hits="0" branch="False" />
            <line number="43" hits="0" branch="False" />
            <line number="45" hits="0" branch="False" />
          </lines>
        </class>
        <class name="AlertToCare.Controllers.IcuLayoutController" filename="Controllers\IcuLayoutController.cs" line-rate="1" branch-rate="1" complexity="2">
          <methods>
            <method name="InsertIcuWardInfo" signature="(AlertToCare.Models.IcuWardLayoutModel)" line-rate="1" branch-rate="1">
              <lines>
                <line number="20" hits="2" branch="False" />
                <line number="22" hits="2" branch="False" />
                <line number="23" hits="2" branch="False" />
                <line number="24" hits="1" branch="False" />
                <line number="26" hits="1" branch="False" />
                <line number="27" hits="1" branch="False" />
                <line number="28" hits="1" branch="False" />
                <line number="30" hits="2" branch="False" />
              </lines>
            </method>
            <method name=".ctor" signature="(AlertToCare.BusinessLogic.IIcuLayoutBusinessLogic)" line-rate="1" branch-rate="1">
              <lines>
                <line number="13" hits="2" branch="False" />
                <line number="14" hits="2" branch="False" />
                <line number="15" hits="2" branch="False" />
                <line number="16" hits="2" branch="False" />
              </lines>
            </method>
          </methods>
          <lines>
            <line number="20" hits="2" branch="False" />
            <line number="22" hits="2" branch="False" />
            <line number="23" hits="2" branch="False" />
            <line number="24" hits="1" branch="False" />
            <line number="26" hits="1" branch="False" />
            <line number="27" hits="1" branch="False" />
            <line number="28" hits="1" branch="False" />
            <line number="30" hits="2" branch="False" />
            <line number="13" hits="2" branch="False" />
            <line number="14" hits="2" branch="False" />
            <line number="15" hits="2" branch="False" />
            <line number="16" hits="2" branch="False" />
          </lines>
        </class>
        <class name="AlertToCare.Controllers.MedicalDeviceController" filename="Controllers\MedicalDeviceController.cs" line-rate="0.9756" branch-rate="0.6666" complexity="7">
          <methods>
            <method name="InsertDevice" signature="(AlertToCare.Models.MedicalDevice)" line-rate="1" branch-rate="1">
              <lines>
                <line number="28" hits="3" branch="False" />
                <line number="29" hits="3" branch="True" condition-coverage="100% (2/2)">
                  <conditions>
                    <condition number="12" type="jump" coverage="100%" />
                  </conditions>
                </line>
                <line number="30" hits="1" branch="False" />
                <line number="32" hits="2" branch="False" />
                <line number="33" hits="2" branch="False" />
                <line number="34" hits="1" branch="False" />
                <line number="35" hits="1" branch="False" />
                <line number="36" hits="1" branch="False" />
                <line number="37" hits="1" branch="False" />
                <line number="40" hits="1" branch="False" />
                <line number="41" hits="3" branch="False" />
              </lines>
            </method>
            <method name="IsAlert" signature="(AlertToCare.Models.MedicalStatusDataModel)" line-rate="0.9582999999999999" branch-rate="0.5">
              <lines>
                <line number="45" hits="4" branch="False" />
                <line number="49" hits="4" branch="False" />
                <line number="50" hits="4" branch="False" />
                <line number="51" hits="4" branch="True" condition-coverage="50% (1/2)">
                  <conditions>
                    <condition number="26" type="jump" coverage="50%" />
                  </conditions>
                </line>
                <line number="52" hits="0" branch="False" />
                <line number="53" hits="4" branch="False" />
                <line number="54" hits="2" branch="False" />
                <line number="55" hits="1" branch="False" />
                <line number="56" hits="1" branch="False" />
                <line number="57" hits="1" branch="False" />
                <line number="59" hits="1" branch="False" />
                <line number="60" hits="1" branch="False" />
                <line number="61" hits="1" branch="False" />
                <line number="64" hits="2" branch="False" />
                <line number="65" hits="2" branch="False" />
                <line number="66" hits="2" branch="False" />
                <line number="67" hits="2" branch="False" />
                <line number="68" hits="2" branch="False" />
                <line number="69" hits="2" branch="False" />
                <line number="70" hits="2" branch="False" />
                <line number="71" hits="2" branch="False" />
                <line number="72" hits="2" branch="False" />
                <line number="73" hits="2" branch="True" condition-coverage="50% (1/2)">
                  <conditions>
                    <condition number="243" type="jump" coverage="50%" />
                  </conditions>
                </line>
                <line number="74" hits="4" branch="False" />
              </lines>
            </method>
            <method name=".ctor" signature="(AlertToCare.BusinessLogic.IMedicalDeviceBusinessLogic,AlertToCare.BusinessLogic.IPatientBusinessLogic)" line-rate="1" branch-rate="1">
              <lines>
                <line number="18" hits="7" branch="False" />
                <line number="19" hits="7" branch="False" />
                <line number="20" hits="7" branch="False" />
                <line number="21" hits="7" branch="False" />
                <line number="22" hits="7" branch="False" />
                <line number="23" hits="7" branch="False" />
              </lines>
            </method>
          </methods>
          <lines>
            <line number="28" hits="3" branch="False" />
            <line number="29" hits="3" branch="True" condition-coverage="100% (2/2)">
              <conditions>
                <condition number="12" type="jump" coverage="100%" />
              </conditions>
            </line>
            <line number="30" hits="1" branch="False" />
            <line number="32" hits="2" branch="False" />
            <line number="33" hits="2" branch="False" />
            <line number="34" hits="1" branch="False" />
            <line number="35" hits="1" branch="False" />
            <line number="36" hits="1" branch="False" />
            <line number="37" hits="1" branch="False" />
            <line number="40" hits="1" branch="False" />
            <line number="41" hits="3" branch="False" />
            <line number="45" hits="4" branch="False" />
            <line number="49" hits="4" branch="False" />
            <line number="50" hits="4" branch="False" />
            <line number="51" hits="4" branch="True" condition-coverage="50% (1/2)">
              <conditions>
                <condition number="26" type="jump" coverage="50%" />
              </conditions>
            </line>
            <line number="52" hits="0" branch="False" />
            <line number="53" hits="4" branch="False" />
            <line number="54" hits="2" branch="False" />
            <line number="55" hits="1" branch="False" />
            <line number="56" hits="1" branch="False" />
            <line number="57" hits="1" branch="False" />
            <line number="59" hits="1" branch="False" />
            <line number="60" hits="1" branch="False" />
            <line number="61" hits="1" branch="False" />
            <line number="64" hits="2" branch="False" />
            <line number="65" hits="2" branch="False" />
            <line number="66" hits="2" branch="False" />
            <line number="67" hits="2" branch="False" />
            <line number="68" hits="2" branch="False" />
            <line number="69" hits="2" branch="False" />
            <line number="70" hits="2" branch="False" />
            <line number="71" hits="2" branch="False" />
            <line number="72" hits="2" branch="False" />
            <line number="73" hits="2" branch="True" condition-coverage="50% (1/2)">
              <conditions>
                <condition number="243" type="jump" coverage="50%" />
              </conditions>
            </line>
            <line number="74" hits="4" branch="False" />
            <line number="18" hits="7" branch="False" />
            <line number="19" hits="7" branch="False" />
            <line number="20" hits="7" branch="False" />
            <line number="21" hits="7" branch="False" />
            <line number="22" hits="7" branch="False" />
            <line number="23" hits="7" branch="False" />
          </lines>
        </class>
        <class name="AlertToCare.Controllers.PatientDataController" filename="Controllers\PatientDataController.cs" line-rate="1" branch-rate="1" complexity="5">
          <methods>
            <method name="InsertPatient" signature="(AlertToCare.Models.PatientDataModel)" line-rate="1" branch-rate="1">
              <lines>
                <line number="25" hits="3" branch="False" />
                <line number="27" hits="3" branch="True" condition-coverage="100% (2/2)">
                  <conditions>
                    <condition number="12" type="jump" coverage="100%" />
                  </conditions>
                </line>
                <line number="28" hits="1" branch="False" />
                <line number="30" hits="2" branch="False" />
                <line number="31" hits="2" branch="False" />
                <line number="32" hits="1" branch="False" />
                <line number="33" hits="1" branch="False" />
                <line number="34" hits="1" branch="False" />
                <line number="35" hits="1" branch="False" />
                <line number="38" hits="1" branch="False" />
                <line number="39" hits="1" branch="False" />
                <line number="40" hits="1" branch="False" />
                <line number="41" hits="1" branch="False" />
                <line number="42" hits="1" branch="False" />
                <line number="43" hits="1" branch="False" />
                <line number="44" hits="1" branch="False" />
                <line number="45" hits="1" branch="False" />
                <line number="46" hits="1" branch="False" />
                <line number="47" hits="3" branch="False" />
              </lines>
            </method>
            <method name="AllotBedToPatient" signature="(AlertToCare.Models.BedAllotmentModel)" line-rate="1" branch-rate="1">
              <lines>
                <line number="51" hits="2" branch="False" />
                <line number="53" hits="2" branch="False" />
                <line number="54" hits="2" branch="False" />
                <line number="55" hits="1" branch="False" />
                <line number="56" hits="1" branch="False" />
                <line number="57" hits="1" branch="False" />
                <line number="58" hits="1" branch="False" />
                <line number="60" hits="1" branch="False" />
                <line number="61" hits="2" branch="False" />
              </lines>
            </method>
            <method name="DischargePatient" signature="(System.Int32)" line-rate="1" branch-rate="1">
              <lines>
                <line number="64" hits="2" branch="False" />
                <line number="66" hits="2" branch="False" />
                <line number="67" hits="2" branch="False" />
                <line number="68" hits="1" branch="False" />
                <line number="70" hits="1" branch="False" />
                <line number="71" hits="1" branch="False" />
                <line number="72" hits="1" branch="False" />
                <line number="74" hits="2" branch="False" />
              </lines>
            </method>
            <method name=".ctor" signature="(AlertToCare.BusinessLogic.IPatientBusinessLogic)" line-rate="1" branch-rate="1">
              <lines>
                <line number="17" hits="7" branch="False" />
                <line number="18" hits="7" branch="False" />
                <line number="19" hits="7" branch="False" />
                <line number="20" hits="7" branch="False" />
              </lines>
            </method>
          </methods>
          <lines>
            <line number="25" hits="3" branch="False" />
            <line number="27" hits="3" branch="True" condition-coverage="100% (2/2)">
              <conditions>
                <condition number="12" type="jump" coverage="100%" />
              </conditions>
            </line>
            <line number="28" hits="1" branch="False" />
            <line number="30" hits="2" branch="False" />
            <line number="31" hits="2" branch="False" />
            <line number="32" hits="1" branch="False" />
            <line number="33" hits="1" branch="False" />
            <line number="34" hits="1" branch="False" />
            <line number="35" hits="1" branch="False" />
            <line number="38" hits="1" branch="False" />
            <line number="39" hits="1" branch="False" />
            <line number="40" hits="1" branch="False" />
            <line number="41" hits="1" branch="False" />
            <line number="42" hits="1" branch="False" />
            <line number="43" hits="1" branch="False" />
            <line number="44" hits="1" branch="False" />
            <line number="45" hits="1" branch="False" />
            <line number="46" hits="1" branch="False" />
            <line number="47" hits="3" branch="False" />
            <line number="51" hits="2" branch="False" />
            <line number="53" hits="2" branch="False" />
            <line number="54" hits="2" branch="False" />
            <line number="55" hits="1" branch="False" />
            <line number="56" hits="1" branch="False" />
            <line number="57" hits="1" branch="False" />
            <line number="58" hits="1" branch="False" />
            <line number="60" hits="1" branch="False" />
            <line number="61" hits="2" branch="False" />
            <line number="64" hits="2" branch="False" />
            <line number="66" hits="2" branch="False" />
            <line number="67" hits="2" branch="False" />
            <line number="68" hits="1" branch="False" />
            <line number="70" hits="1" branch="False" />
            <line number="71" hits="1" branch="False" />
            <line number="72" hits="1" branch="False" />
            <line number="74" hits="2" branch="False" />
            <line number="17" hits="7" branch="False" />
            <line number="18" hits="7" branch="False" />
            <line number="19" hits="7" branch="False" />
            <line number="20" hits="7" branch="False" />
          </lines>
        </class>
        <class name="AlertToCare.BusinessLogic.IcuLayoutBusinessLogic" filename="BusinessLogic\IcuLayoutBusinessLogic.cs" line-rate="0.8490000000000001" branch-rate="0.75" complexity="11">
          <methods>
            <method name="IsAllBedAreEnteredInDb" signature="(System.Int32,System.Int32)" line-rate="1" branch-rate="1">
              <lines>
                <line number="18" hits="11" branch="False" />
                <line number="19" hits="11" branch="False" />
                <line number="20" hits="11" branch="False" />
              </lines>
            </method>
            <method name="BedLayoutAllocation" signature="(AlertToCare.Models.IcuWardLayoutModel)" line-rate="0.5555" branch-rate="1">
              <lines>
                <line number="23" hits="2" branch="False" />
                <line number="25" hits="2" branch="False" />
                <line number="26" hits="2" branch="False" />
                <line number="27" hits="2" branch="False" />
                <line number="29" hits="0" branch="False" />
                <line number="30" hits="0" branch="False" />
                <line number="31" hits="0" branch="False" />
                <line number="32" hits="0" branch="False" />
                <line number="34" hits="2" branch="False" />
              </lines>
            </method>
            <method name="AddBedInIcu" signature="(AlertToCare.Models.IcuWardLayoutModel)" line-rate="0.9565" branch-rate="0.8332999999999999">
              <lines>
                <line number="37" hits="2" branch="False" />
                <line number="38" hits="2" branch="False" />
                <line number="39" hits="12" branch="True" condition-coverage="50% (1/2)">
                  <conditions>
                    <condition number="172" type="jump" coverage="50%" />
                  </conditions>
                </line>
                <line number="40" hits="6" branch="False" />
                <line number="41" hits="30" branch="True" condition-coverage="100% (2/2)">
                  <conditions>
                    <condition number="146" type="jump" coverage="100%" />
                  </conditions>
                </line>
                <line number="42" hits="11" branch="False" />
                <line number="43" hits="11" branch="False" />
                <line number="44" hits="11" branch="False" />
                <line number="45" hits="11" branch="False" />
                <line number="46" hits="11" branch="False" />
                <line number="47" hits="11" branch="False" />
                <line number="48" hits="11" branch="False" />
                <line number="49" hits="11" branch="False" />
                <line number="50" hits="11" branch="False" />
                <line number="51" hits="11" branch="False" />
                <line number="52" hits="11" branch="False" />
                <line number="53" hits="11" branch="False" />
                <line number="54" hits="11" branch="True" condition-coverage="100% (2/2)">
                  <conditions>
                    <condition number="118" type="jump" coverage="100%" />
                  </conditions>
                </line>
                <line number="55" hits="2" branch="False" />
                <line number="56" hits="9" branch="False" />
                <line number="57" hits="4" branch="False" />
                <line number="58" hits="0" branch="False" />
                <line number="59" hits="2" branch="False" />
              </lines>
            </method>
            <method name="AddLayoutInformation" signature="(AlertToCare.Models.IcuWardLayoutModel)" line-rate="0.7857" branch-rate="0.5">
              <lines>
                <line number="62" hits="2" branch="False" />
                <line number="63" hits="2" branch="False" />
                <line number="64" hits="2" branch="False" />
                <line number="65" hits="2" branch="False" />
                <line number="66" hits="2" branch="False" />
                <line number="67" hits="2" branch="False" />
                <line number="68" hits="2" branch="False" />
                <line number="69" hits="2" branch="False" />
                <line number="70" hits="2" branch="True" condition-coverage="50% (1/2)">
                  <conditions>
                    <condition number="60" type="jump" coverage="50%" />
                  </conditions>
                </line>
                <line number="71" hits="0" branch="False" />
                <line number="72" hits="0" branch="False" />
                <line number="73" hits="0" branch="False" />
                <line number="74" hits="2" branch="False" />
                <line number="75" hits="2" branch="False" />
              </lines>
            </method>
            <method name=".ctor" signature="(AlertToCare.Repository.IIcuLayoutDataRepository)" line-rate="1" branch-rate="1">
              <lines>
                <line number="11" hits="2" branch="False" />
                <line number="12" hits="2" branch="False" />
                <line number="14" hits="2" branch="False" />
                <line number="15" hits="2" branch="False" />
              </lines>
            </method>
          </methods>
          <lines>
            <line number="18" hits="11" branch="False" />
            <line number="19" hits="11" branch="False" />
            <line number="20" hits="11" branch="False" />
            <line number="23" hits="2" branch="False" />
            <line number="25" hits="2" branch="False" />
            <line number="26" hits="2" branch="False" />
            <line number="27" hits="2" branch="False" />
            <line number="29" hits="0" branch="False" />
            <line number="30" hits="0" branch="False" />
            <line number="31" hits="0" branch="False" />
            <line number="32" hits="0" branch="False" />
            <line number="34" hits="2" branch="False" />
            <line number="37" hits="2" branch="False" />
            <line number="38" hits="2" branch="False" />
            <line number="39" hits="12" branch="True" condition-coverage="50% (1/2)">
              <conditions>
                <condition number="172" type="jump" coverage="50%" />
              </conditions>
            </line>
            <line number="40" hits="6" branch="False" />
            <line number="41" hits="30" branch="True" condition-coverage="100% (2/2)">
              <conditions>
                <condition number="146" type="jump" coverage="100%" />
              </conditions>
            </line>
            <line number="42" hits="11" branch="False" />
            <line number="43" hits="11" branch="False" />
            <line number="44" hits="11" branch="False" />
            <line number="45" hits="11" branch="False" />
            <line number="46" hits="11" branch="False" />
            <line number="47" hits="11" branch="False" />
            <line number="48" hits="11" branch="False" />
            <line number="49" hits="11" branch="False" />
            <line number="50" hits="11" branch="False" />
            <line number="51" hits="11" branch="False" />
            <line number="52" hits="11" branch="False" />
            <line number="53" hits="11" branch="False" />
            <line number="54" hits="11" branch="True" condition-coverage="100% (2/2)">
              <conditions>
                <condition number="118" type="jump" coverage="100%" />
              </conditions>
            </line>
            <line number="55" hits="2" branch="False" />
            <line number="56" hits="9" branch="False" />
            <line number="57" hits="4" branch="False" />
            <line number="58" hits="0" branch="False" />
            <line number="59" hits="2" branch="False" />
            <line number="62" hits="2" branch="False" />
            <line number="63" hits="2" branch="False" />
            <line number="64" hits="2" branch="False" />
            <line number="65" hits="2" branch="False" />
            <line number="66" hits="2" branch="False" />
            <line number="67" hits="2" branch="False" />
            <line number="68" hits="2" branch="False" />
            <line number="69" hits="2" branch="False" />
            <line number="70" hits="2" branch="True" condition-coverage="50% (1/2)">
              <conditions>
                <condition number="60" type="jump" coverage="50%" />
              </conditions>
            </line>
            <line number="71" hits="0" branch="False" />
            <line number="72" hits="0" branch="False" />
            <line number="73" hits="0" branch="False" />
            <line number="74" hits="2" branch="False" />
            <line number="75" hits="2" branch="False" />
            <line number="11" hits="2" branch="False" />
            <line number="12" hits="2" branch="False" />
            <line number="14" hits="2" branch="False" />
            <line number="15" hits="2" branch="False" />
          </lines>
        </class>
        <class name="AlertToCare.BusinessLogic.MedicalDeviceBusinessLogic" filename="BusinessLogic\MedicalDeviceBusinessLogic.cs" line-rate="0.9285" branch-rate="1" complexity="13">
          <methods>
            <method name="Alert" signature="(AlertToCare.Models.MedicalStatusDataModel)" line-rate="1" branch-rate="1">
              <lines>
                <line number="17" hits="3" branch="False" />
                <line number="18" hits="3" branch="False" />
                <line number="19" hits="14" branch="True" condition-coverage="100% (2/2)">
                  <conditions>
                    <condition number="185" type="jump" coverage="100%" />
                  </conditions>
                </line>
                <line number="20" hits="3" branch="False" />
                <line number="21" hits="3" branch="False" />
                <line number="22" hits="3" branch="True" condition-coverage="100% (2/2)">
                  <conditions>
                    <condition number="60" type="jump" coverage="100%" />
                  </conditions>
                </line>
                <line number="23" hits="1" branch="False" />
                <line number="24" hits="1" branch="False" />
                <line number="26" hits="2" branch="True" condition-coverage="100% (2/2)">
                  <conditions>
                    <condition number="103" type="jump" coverage="100%" />
                  </conditions>
                </line>
                <line number="27" hits="1" branch="False" />
                <line number="28" hits="1" branch="False" />
                <line number="29" hits="1" branch="False" />
                <line number="30" hits="1" branch="False" />
                <line number="31" hits="1" branch="False" />
                <line number="32" hits="1" branch="False" />
                <line number="33" hits="1" branch="False" />
                <line number="34" hits="1" branch="False" />
                <line number="35" hits="1" branch="False" />
                <line number="36" hits="1" branch="False" />
                <line number="38" hits="2" branch="False" />
                <line number="40" hits="2" branch="False" />
                <line number="41" hits="2" branch="False" />
              </lines>
            </method>
            <method name="InsertDevice" signature="(AlertToCare.Models.MedicalDevice)" line-rate="1" branch-rate="1">
              <lines>
                <line number="44" hits="1" branch="False" />
                <line number="45" hits="1" branch="False" />
                <line number="46" hits="1" branch="False" />
              </lines>
            </method>
            <method name="TurnOnAlert" signature="(AlertToCare.Models.BedOnAlert)" line-rate="0.625" branch-rate="1">
              <lines>
                <line number="52" hits="1" branch="False" />
                <line number="54" hits="1" branch="False" />
                <line number="55" hits="1" branch="False" />
                <line number="56" hits="1" branch="False" />
                <line number="57" hits="0" branch="False" />
                <line number="58" hits="0" branch="False" />
                <line number="60" hits="0" branch="False" />
                <line number="61" hits="1" branch="False" />
              </lines>
            </method>
            <method name="IsAlert" signature="(System.Int32,System.Int32,System.Int32)" line-rate="1" branch-rate="1">
              <lines>
                <line number="64" hits="2" branch="False" />
                <line number="65" hits="2" branch="True" condition-coverage="100% (4/4)">
                  <conditions>
                    <condition number="3" type="jump" coverage="100%" />
                    <condition number="14" type="jump" coverage="100%" />
                  </conditions>
                </line>
                <line number="66" hits="1" branch="False" />
                <line number="67" hits="1" branch="False" />
                <line number="68" hits="2" branch="False" />
              </lines>
            </method>
            <method name=".ctor" signature="(AlertToCare.Repository.IMedicalDeviceDataRepository)" line-rate="1" branch-rate="1">
              <lines>
                <line number="12" hits="4" branch="False" />
                <line number="13" hits="4" branch="False" />
                <line number="14" hits="4" branch="False" />
                <line number="15" hits="4" branch="False" />
              </lines>
            </method>
          </methods>
          <lines>
            <line number="17" hits="3" branch="False" />
            <line number="18" hits="3" branch="False" />
            <line number="19" hits="14" branch="True" condition-coverage="100% (2/2)">
              <conditions>
                <condition number="185" type="jump" coverage="100%" />
              </conditions>
            </line>
            <line number="20" hits="3" branch="False" />
            <line number="21" hits="3" branch="False" />
            <line number="22" hits="3" branch="True" condition-coverage="100% (2/2)">
              <conditions>
                <condition number="60" type="jump" coverage="100%" />
              </conditions>
            </line>
            <line number="23" hits="1" branch="False" />
            <line number="24" hits="1" branch="False" />
            <line number="26" hits="2" branch="True" condition-coverage="100% (2/2)">
              <conditions>
                <condition number="103" type="jump" coverage="100%" />
              </conditions>
            </line>
            <line number="27" hits="1" branch="False" />
            <line number="28" hits="1" branch="False" />
            <line number="29" hits="1" branch="False" />
            <line number="30" hits="1" branch="False" />
            <line number="31" hits="1" branch="False" />
            <line number="32" hits="1" branch="False" />
            <line number="33" hits="1" branch="False" />
            <line number="34" hits="1" branch="False" />
            <line number="35" hits="1" branch="False" />
            <line number="36" hits="1" branch="False" />
            <line number="38" hits="2" branch="False" />
            <line number="40" hits="2" branch="False" />
            <line number="41" hits="2" branch="False" />
            <line number="44" hits="1" branch="False" />
            <line number="45" hits="1" branch="False" />
            <line number="46" hits="1" branch="False" />
            <line number="52" hits="1" branch="False" />
            <line number="54" hits="1" branch="False" />
            <line number="55" hits="1" branch="False" />
            <line number="56" hits="1" branch="False" />
            <line number="57" hits="0" branch="False" />
            <line number="58" hits="0" branch="False" />
            <line number="60" hits="0" branch="False" />
            <line number="61" hits="1" branch="False" />
            <line number="64" hits="2" branch="False" />
            <line number="65" hits="2" branch="True" condition-coverage="100% (4/4)">
              <conditions>
                <condition number="3" type="jump" coverage="100%" />
                <condition number="14" type="jump" coverage="100%" />
              </conditions>
            </line>
            <line number="66" hits="1" branch="False" />
            <line number="67" hits="1" branch="False" />
            <line number="68" hits="2" branch="False" />
            <line number="12" hits="4" branch="False" />
            <line number="13" hits="4" branch="False" />
            <line number="14" hits="4" branch="False" />
            <line number="15" hits="4" branch="False" />
          </lines>
        </class>
        <class name="AlertToCare.BusinessLogic.PatientBusinessLogic" filename="BusinessLogic\PatientBusinessLogic.cs" line-rate="1" branch-rate="1" complexity="5">
          <methods>
            <method name="InsertPatient" signature="(AlertToCare.Models.PatientDataModel)" line-rate="1" branch-rate="1">
              <lines>
                <line number="15" hits="1" branch="False" />
                <line number="16" hits="1" branch="False" />
                <line number="17" hits="1" branch="False" />
                <line number="18" hits="1" branch="False" />
              </lines>
            </method>
            <method name="FetchPatientInfoFromBedId" signature="(System.String)" line-rate="1" branch-rate="1">
              <lines>
                <line number="21" hits="1" branch="False" />
                <line number="22" hits="1" branch="False" />
                <line number="23" hits="1" branch="False" />
                <line number="24" hits="1" branch="False" />
              </lines>
            </method>
            <method name="FreeTheBed" signature="(System.Int32)" line-rate="1" branch-rate="1">
              <lines>
                <line number="26" hits="1" branch="False" />
                <line number="27" hits="1" branch="False" />
                <line number="28" hits="1" branch="False" />
              </lines>
            </method>
            <method name="AllotBedToPatient" signature="(AlertToCare.Models.BedAllotmentModel)" line-rate="1" branch-rate="1">
              <lines>
                <line number="31" hits="1" branch="False" />
                <line number="32" hits="1" branch="False" />
                <line number="33" hits="1" branch="False" />
              </lines>
            </method>
            <method name=".ctor" signature="(AlertToCare.Repository.IPatientDataRepository)" line-rate="1" branch-rate="1">
              <lines>
                <line number="9" hits="4" branch="False" />
                <line number="10" hits="4" branch="False" />
                <line number="11" hits="4" branch="False" />
                <line number="12" hits="4" branch="False" />
              </lines>
            </method>
          </methods>
          <lines>
            <line number="15" hits="1" branch="False" />
            <line number="16" hits="1" branch="False" />
            <line number="17" hits="1" branch="False" />
            <line number="18" hits="1" branch="False" />
            <line number="21" hits="1" branch="False" />
            <line number="22" hits="1" branch="False" />
            <line number="23" hits="1" branch="False" />
            <line number="24" hits="1" branch="False" />
            <line number="26" hits="1" branch="False" />
            <line number="27" hits="1" branch="False" />
            <line number="28" hits="1" branch="False" />
            <line number="31" hits="1" branch="False" />
            <line number="32" hits="1" branch="False" />
            <line number="33" hits="1" branch="False" />
            <line number="9" hits="4" branch="False" />
            <line number="10" hits="4" branch="False" />
            <line number="11" hits="4" branch="False" />
            <line number="12" hits="4" branch="False" />
          </lines>
        </class>
      </classes>
    </package>
  </packages>
</coverage>